[2022-05-27T17:54:33.352] [INFO] infoFile - Proceso principal, N°: 10900
[2022-05-27T17:54:35.721] [INFO] infoFile - Proceso secundario, N°: 4076
[2022-05-27T17:54:35.762] [INFO] infoFile - Proceso secundario, N°: 2972
[2022-05-27T17:54:35.773] [INFO] infoFile - Proceso secundario, N°: 10196
[2022-05-27T17:54:35.782] [INFO] infoFile - Proceso secundario, N°: 660
[2022-05-27T17:54:35.810] [INFO] infoFile - Proceso secundario, N°: 6148
[2022-05-27T17:54:35.810] [INFO] infoFile - Proceso secundario, N°: 7400
[2022-05-27T17:54:36.613] [INFO] infoFile - Connected to DB!
[2022-05-27T17:54:36.613] [INFO] infoFile - Server is up and running on port: 8080
[2022-05-27T17:54:36.617] [INFO] infoFile - Connected to DB!
[2022-05-27T17:54:36.618] [INFO] infoFile - Server is up and running on port: 8080
[2022-05-27T17:54:36.619] [INFO] infoFile - Connected to DB!
[2022-05-27T17:54:36.619] [INFO] infoFile - Server is up and running on port: 8080
[2022-05-27T17:54:36.621] [INFO] infoFile - Connected to DB!
[2022-05-27T17:54:36.621] [INFO] infoFile - Server is up and running on port: 8080
[2022-05-27T17:54:36.640] [INFO] infoFile - Connected to DB!
[2022-05-27T17:54:36.640] [INFO] infoFile - Server is up and running on port: 8080
[2022-05-27T17:54:36.650] [INFO] infoFile - Connected to DB!
[2022-05-27T17:54:36.650] [INFO] infoFile - Server is up and running on port: 8080
[2022-05-27T17:56:04.256] [INFO] infoFile - Proceso principal, N°: 13228
[2022-05-27T17:56:06.542] [INFO] infoFile - Proceso secundario, N°: 11116
[2022-05-27T17:56:06.553] [INFO] infoFile - Proceso secundario, N°: 6256
[2022-05-27T17:56:06.572] [INFO] infoFile - Proceso secundario, N°: 10312
[2022-05-27T17:56:06.575] [INFO] infoFile - Proceso secundario, N°: 8
[2022-05-27T17:56:06.588] [INFO] infoFile - Proceso secundario, N°: 3140
[2022-05-27T17:56:06.625] [INFO] infoFile - Proceso secundario, N°: 3676
[2022-05-27T17:56:07.218] [INFO] infoFile - Connected to DB!
[2022-05-27T17:56:43.114] [INFO] infoFile - Proceso principal, N°: 9872
[2022-05-27T17:56:45.375] [INFO] infoFile - Proceso secundario, N°: 7436
[2022-05-27T17:56:45.470] [INFO] infoFile - Proceso secundario, N°: 7792
[2022-05-27T17:56:45.495] [INFO] infoFile - Proceso secundario, N°: 3988
[2022-05-27T17:56:45.504] [INFO] infoFile - Proceso secundario, N°: 6636
[2022-05-27T17:56:45.504] [INFO] infoFile - Proceso secundario, N°: 5116
[2022-05-27T17:56:45.524] [INFO] infoFile - Proceso secundario, N°: 9420
[2022-05-27T17:56:45.852] [INFO] infoFile - Connected to DB!
[2022-05-27T17:56:45.957] [INFO] infoFile - Connected to DB!
[2022-05-27T17:56:45.959] [INFO] infoFile - Connected to DB!
[2022-05-27T17:56:45.963] [INFO] infoFile - Connected to DB!
[2022-05-27T17:56:45.979] [INFO] infoFile - Connected to DB!
[2022-05-27T17:56:46.007] [INFO] infoFile - Connected to DB!
[2022-05-27T18:40:28.884] [INFO] infoFile - Connected to DB!
[2022-05-27T18:53:51.389] [INFO] infoFile - Proceso principal, N°: 11748
[2022-05-27T18:53:53.582] [INFO] infoFile - Proceso secundario, N°: 6224
[2022-05-27T18:53:53.668] [INFO] infoFile - Proceso secundario, N°: 10124
[2022-05-27T18:53:53.670] [INFO] infoFile - Proceso secundario, N°: 12336
[2022-05-27T18:53:53.673] [INFO] infoFile - Proceso secundario, N°: 948
[2022-05-27T18:53:53.672] [INFO] infoFile - Proceso secundario, N°: 6668
[2022-05-27T18:53:53.703] [INFO] infoFile - Proceso secundario, N°: 5116
[2022-05-27T18:53:54.547] [INFO] infoFile - Connected to DB!
[2022-05-27T18:53:54.548] [INFO] infoFile - Connected to DB!
[2022-05-27T18:53:54.550] [INFO] infoFile - Connected to DB!
[2022-05-27T18:53:54.551] [INFO] infoFile - Connected to DB!
[2022-05-27T18:53:54.557] [INFO] infoFile - Connected to DB!
[2022-05-27T18:53:54.595] [INFO] infoFile - Connected to DB!
[2022-05-27T19:07:06.804] [INFO] infoFile - User logued out!
[2022-05-27T19:08:32.948] [INFO] infoFile - User registration successful!
[2022-05-27T19:08:35.198] [INFO] infoFile - {
  accepted: [ 'atonomo.4s@gmail.com' ],
  rejected: [],
  envelopeTime: 598,
  messageTime: 728,
  messageSize: 1376,
  response: '250 2.0.0 OK  1653689315 g19-20020a9d6493000000b0060aeb49fdd4sm2223346otl.79 - gsmtp',
  envelope: { from: '', to: [ 'atonomo.4s@gmail.com' ] },
  messageId: '<ce0d7190-ce37-9cf1-07e8-430cc25350e5@GrandPC>'
}
[2022-05-27T19:10:44.721] [INFO] infoFile - User logued out!
[2022-05-27T19:10:59.994] [INFO] infoFile - User registration successful!
[2022-05-27T19:11:02.078] [INFO] infoFile - {
  accepted: [ 'atonomo.4s@gmail.com' ],
  rejected: [],
  envelopeTime: 504,
  messageTime: 522,
  messageSize: 1376,
  response: '250 2.0.0 OK  1653689462 65-20020a4a1a44000000b0035eb4e5a6b2sm2362555oof.8 - gsmtp',
  envelope: { from: '', to: [ 'atonomo.4s@gmail.com' ] },
  messageId: '<491f8645-54b3-7164-5a50-7a49abbc1271@GrandPC>'
}
[2022-05-27T19:12:42.333] [INFO] infoFile - User logued out!
[2022-05-27T19:13:03.723] [INFO] infoFile - User registration successful!
[2022-05-27T19:13:06.016] [INFO] infoFile - {
  accepted: [ 'atonomo.4s@gmail.com' ],
  rejected: [],
  envelopeTime: 501,
  messageTime: 1028,
  messageSize: 1376,
  response: '250 2.0.0 OK  1653689586 j9-20020a056808034900b0032ae3d9bf6asm2213914oie.16 - gsmtp',
  envelope: { from: '', to: [ 'atonomo.4s@gmail.com' ] },
  messageId: '<f4e32196-d6a7-b923-de23-254a0b62d531@GrandPC>'
}
[2022-05-27T19:13:46.262] [INFO] infoFile - User logued out!
[2022-05-27T19:14:05.314] [INFO] infoFile - User registration successful!
[2022-05-27T19:14:06.996] [INFO] infoFile - {
  accepted: [ 'atonomo.4s@gmail.com' ],
  rejected: [],
  envelopeTime: 483,
  messageTime: 619,
  messageSize: 1376,
  response: '250 2.0.0 OK  1653689647 r186-20020acaf3c3000000b00325cda1ffb5sm2231237oih.52 - gsmtp',
  envelope: { from: '', to: [ 'atonomo.4s@gmail.com' ] },
  messageId: '<f5842eab-fb51-cf70-0c0e-b2dc2cc799d6@GrandPC>'
}
[2022-05-27T19:14:45.212] [INFO] infoFile - User logued out!
[2022-05-27T19:15:01.888] [INFO] infoFile - User registration successful!
[2022-05-27T19:15:03.510] [INFO] infoFile - {
  accepted: [ 'atonomo.4s@gmail.com' ],
  rejected: [],
  envelopeTime: 533,
  messageTime: 521,
  messageSize: 1376,
  response: '250 2.0.0 OK  1653689703 j9-20020a056808034900b0032ae3d9bf6asm2215470oie.16 - gsmtp',
  envelope: { from: '', to: [ 'atonomo.4s@gmail.com' ] },
  messageId: '<56787caa-89ac-175e-1079-6e03c5e8caa5@GrandPC>'
}
[2022-05-27T19:15:32.426] [INFO] infoFile - User logued out!
[2022-05-27T19:15:56.995] [INFO] infoFile - User registration successful!
[2022-05-27T19:15:58.550] [INFO] infoFile - {
  accepted: [ 'atonomo.4s@gmail.com' ],
  rejected: [],
  envelopeTime: 509,
  messageTime: 451,
  messageSize: 1376,
  response: '250 2.0.0 OK  1653689758 b1-20020a9d7541000000b006061debeed4sm2222391otl.69 - gsmtp',
  envelope: { from: '', to: [ 'atonomo.4s@gmail.com' ] },
  messageId: '<85616104-85c2-a091-33ae-1bba9bf58880@GrandPC>'
}
[2022-05-27T19:17:41.623] [INFO] infoFile - User logued out!
[2022-05-27T19:17:59.464] [INFO] infoFile - User registration successful!
[2022-05-27T19:18:01.469] [INFO] infoFile - {
  accepted: [ 'atonomo.4s@gmail.com' ],
  rejected: [],
  envelopeTime: 502,
  messageTime: 430,
  messageSize: 1376,
  response: '250 2.0.0 OK  1653689881 d22-20020a05683025d600b0060603221236sm2346649otu.6 - gsmtp',
  envelope: { from: '', to: [ 'atonomo.4s@gmail.com' ] },
  messageId: '<f403d351-e25b-6e9b-693f-9562a72b920e@GrandPC>'
}
[2022-05-27T19:19:50.116] [INFO] infoFile - User logued out!
[2022-05-27T19:20:07.616] [INFO] infoFile - User registration successful!
[2022-05-27T19:20:09.290] [INFO] infoFile - {
  accepted: [ 'atonomo.4s@gmail.com' ],
  rejected: [],
  envelopeTime: 489,
  messageTime: 461,
  messageSize: 1376,
  response: '250 2.0.0 OK  1653690009 y17-20020a056830071100b0060b0ee6685csm2284533ots.33 - gsmtp',
  envelope: { from: '', to: [ 'atonomo.4s@gmail.com' ] },
  messageId: '<e5b88e41-9c98-4683-4d06-2078f5c0309f@GrandPC>'
}
[2022-05-27T19:20:33.479] [INFO] infoFile - Connected to DB!
[2022-05-27T19:20:42.552] [INFO] infoFile - User logued out!
[2022-05-27T19:20:58.501] [INFO] infoFile - {
  acknowledged: true,
  modifiedCount: 1,
  upsertedId: null,
  upsertedCount: 0,
  matchedCount: 1
}
[2022-05-27T19:21:18.651] [INFO] infoFile - Connected to DB!
[2022-05-27T19:21:29.844] [INFO] infoFile - Connected to DB!
[2022-05-27T19:21:34.205] [INFO] infoFile - User logued out!
[2022-05-27T19:21:49.547] [INFO] infoFile - User registration successful!
[2022-05-27T19:21:49.547] [INFO] infoFile - undefined
[2022-05-27T19:22:19.003] [INFO] infoFile - Connected to DB!
[2022-05-27T19:22:25.348] [INFO] infoFile - User logued out!
[2022-05-27T19:22:42.969] [INFO] infoFile - {
  acknowledged: true,
  modifiedCount: 1,
  upsertedId: null,
  upsertedCount: 0,
  matchedCount: 1
}
[2022-05-27T19:23:10.174] [INFO] infoFile - Connected to DB!
[2022-05-27T19:23:10.833] [INFO] infoFile - User logued out!
[2022-05-27T19:23:26.745] [INFO] infoFile - {
  email: 'fffff@asfd',
  password: '$2b$10$unbkIbiSjSUPbguDpBuEruaDiJV8Mm4/acvx.m00P6gqYyMskpe8u',
  name: 'asda',
  phone: '12312312',
  bday: '2018-12-09',
  age: 3,
  address: 'wew',
  image: 'views\\media\\image-1653690206491.jpeg'
}
[2022-05-27T19:23:39.224] [INFO] infoFile - Connected to DB!
[2022-05-27T19:23:49.409] [INFO] infoFile - Connected to DB!
[2022-05-27T19:23:56.944] [INFO] infoFile - Connected to DB!
[2022-05-27T19:23:58.666] [INFO] infoFile - User logued out!
[2022-05-27T19:24:17.663] [INFO] infoFile - User registration successful!
[2022-05-27T19:24:19.325] [INFO] infoFile - {
  accepted: [ 'atonomo.4s@gmail.com' ],
  rejected: [],
  envelopeTime: 491,
  messageTime: 427,
  messageSize: 1010,
  response: '250 2.0.0 OK  1653690259 q11-20020a4ab3cb000000b0035eb4e5a6bfsm2329463ooo.21 - gsmtp',
  envelope: { from: '', to: [ 'atonomo.4s@gmail.com' ] },
  messageId: '<6105eef3-5659-ac49-045e-1cf9f29f257c@GrandPC>'
}
[2022-05-27T19:25:36.441] [INFO] infoFile - User logued out!
[2022-05-27T19:26:48.145] [INFO] infoFile - User registration successful!
[2022-05-27T19:26:50.307] [INFO] infoFile - {
  accepted: [ 'atonomo.4s@gmail.com' ],
  rejected: [],
  envelopeTime: 490,
  messageTime: 473,
  messageSize: 1110,
  response: '250 2.0.0 OK  1653690410 bk40-20020a0568081a2800b0032b7a0c5da1sm2435112oib.27 - gsmtp',
  envelope: { from: '', to: [ 'atonomo.4s@gmail.com' ] },
  messageId: '<78e444cd-5a64-9934-470e-25ebc42167fa@GrandPC>'
}
[2022-05-27T19:27:11.343] [INFO] infoFile - Connected to DB!
[2022-05-27T19:28:00.180] [INFO] infoFile - {
  body: 'Nuevo pedido de Hector Diaz. Email: hectordiaz@test.com',
  numSegments: '1',
  direction: 'outbound-api',
  from: 'whatsapp:+14155238886',
  to: 'whatsapp:+5491122526521',
  dateUpdated: 2022-05-27T22:28:00.000Z,
  price: null,
  errorMessage: null,
  uri: '/2010-04-01/Accounts/AC6c2afb86484c10cf9f18891fce9339c4/Messages/SM948efd836a2843fabc5531f1a5ee2228.json',
  accountSid: 'AC6c2afb86484c10cf9f18891fce9339c4',
  numMedia: '0',
  status: 'queued',
  messagingServiceSid: null,
  sid: 'SM948efd836a2843fabc5531f1a5ee2228',
  dateSent: null,
  dateCreated: 2022-05-27T22:28:00.000Z,
  errorCode: null,
  priceUnit: null,
  apiVersion: '2010-04-01',
  subresourceUris: {
    media: '/2010-04-01/Accounts/AC6c2afb86484c10cf9f18891fce9339c4/Messages/SM948efd836a2843fabc5531f1a5ee2228/Media.json'
  }
}
[2022-05-27T19:28:00.999] [INFO] infoFile - {
  body: 'Sent from your Twilio trial account - Hola Hector Diaz! Su pedido ha sido recibido y está ahora en proceso. Gracias!',
  numSegments: '2',
  direction: 'outbound-api',
  from: '+12406475895',
  to: '+5491122526521',
  dateUpdated: 2022-05-27T22:28:01.000Z,
  price: null,
  errorMessage: null,
  uri: '/2010-04-01/Accounts/AC6c2afb86484c10cf9f18891fce9339c4/Messages/SMdf57f830a608489d81a1cbef50766a99.json',
  accountSid: 'AC6c2afb86484c10cf9f18891fce9339c4',
  numMedia: '0',
  status: 'queued',
  messagingServiceSid: null,
  sid: 'SMdf57f830a608489d81a1cbef50766a99',
  dateSent: null,
  dateCreated: 2022-05-27T22:28:01.000Z,
  errorCode: null,
  priceUnit: 'USD',
  apiVersion: '2010-04-01',
  subresourceUris: {
    media: '/2010-04-01/Accounts/AC6c2afb86484c10cf9f18891fce9339c4/Messages/SMdf57f830a608489d81a1cbef50766a99/Media.json'
  }
}
[2022-05-27T19:30:19.637] [INFO] infoFile - Connected to DB!
[2022-05-27T19:31:05.017] [INFO] infoFile - User logued out!
[2022-05-27T19:31:28.624] [INFO] infoFile - Connected to DB!
[2022-05-27T19:31:49.059] [INFO] infoFile - User registration successful!
[2022-05-27T19:31:51.245] [INFO] infoFile - {
  accepted: [ 'atonomo.4s@gmail.com' ],
  rejected: [],
  envelopeTime: 508,
  messageTime: 455,
  messageSize: 935,
  response: '250 2.0.0 OK  1653690711 bd39-20020a056808222700b0032b57087f86sm2356078oib.23 - gsmtp',
  envelope: { from: '', to: [ 'atonomo.4s@gmail.com' ] },
  messageId: '<b5722efd-3523-9f41-7615-2eed1dd0a32c@GrandPC>'
}
[2022-05-27T19:32:40.664] [INFO] infoFile - User logued out!
[2022-05-27T19:54:40.750] [INFO] infoFile - Connected to DB!
[2022-05-27T19:55:48.760] [INFO] infoFile - Connected to DB!
[2022-05-27T19:56:08.805] [INFO] infoFile - Connected to DB!
[2022-05-27T19:58:58.178] [INFO] infoFile - Connected to DB!
[2022-05-27T19:59:24.603] [INFO] infoFile - Connected to DB!
[2022-05-27T20:01:30.332] [INFO] infoFile - Connected to DB!
